<?xml version="1.0" encoding="UTF-8"?>
<!-- Generated by org.testng.reporters.JUnitReportReporter -->
<testsuite hostname="NIRMALNATHAN" name="ClassWorks.NewTest" tests="1" failures="0" timestamp="9 Feb 2014 11:27:00 GMT" time="40.787" errors="0">
  <testcase name="f" time="40.787" classname="ClassWorks.NewTest"/>
</testsuite> <!-- ClassWorks.NewTest -->
