<?xml version="1.0" encoding="UTF-8"?>
<!-- Generated by org.testng.reporters.JUnitReportReporter -->
<testsuite hostname="NIRMALNATHAN" name="finalProject.T01" tests="1" failures="0" timestamp="4 Mar 2014 05:27:03 GMT" time="38.245" errors="0">
  <testcase name="f" time="38.245" classname="finalProject.T01"/>
</testsuite> <!-- finalProject.T01 -->
