<?xml version="1.0" encoding="UTF-8"?>
<!-- Generated by org.testng.reporters.JUnitReportReporter -->
<testsuite hostname="NIRMALNATHAN" name="finalProject.T07" tests="1" failures="0" timestamp="25 Feb 2014 18:11:25 GMT" time="52.788" errors="0">
  <testcase name="f" time="52.788" classname="finalProject.T07"/>
</testsuite> <!-- finalProject.T07 -->
