<?xml version="1.0" encoding="UTF-8"?>
<!-- Generated by org.testng.reporters.JUnitReportReporter -->
<testsuite hostname="NIRMALNATHAN" name="finalProject.T05" tests="1" failures="0" timestamp="25 Feb 2014 18:27:02 GMT" time="46.765" errors="0">
  <testcase name="f" time="46.765" classname="finalProject.T05"/>
</testsuite> <!-- finalProject.T05 -->
