<?xml version="1.0" encoding="UTF-8"?>
<!-- Generated by org.testng.reporters.JUnitReportReporter -->
<testsuite hostname="NIRMALNATHAN" name="ClassWorks.SandBoxTest" tests="1" failures="0" timestamp="10 Feb 2014 14:13:00 GMT" time="30.755" errors="0">
  <testcase name="f" time="30.755" classname="ClassWorks.SandBoxTest"/>
</testsuite> <!-- ClassWorks.SandBoxTest -->
